<?xml version="1.0" encoding="UTF-8"?>
<!-- Generated by org.testng.reporters.JUnitReportReporter -->
<testsuite skipped="0" hostname="hsanjeev" name="com.training.sanity.tests.RETC_031" tests="1" failures="0" timestamp="24 Jun 2019 17:02:54 GMT" time="213.178" errors="0">
  <testcase name="validLoginTest" time="213.178" classname="com.training.sanity.tests.RETC_031"/>
</testsuite> <!-- com.training.sanity.tests.RETC_031 -->
