<?xml version="1.0" encoding="UTF-8"?>
<!-- Generated by org.testng.reporters.JUnitReportReporter -->
<testsuite skipped="0" hostname="hsanjeev" name="com.training.sanity.tests.ThirdTestcase" tests="1" failures="0" timestamp="19 Jun 2019 13:06:05 GMT" time="24.676" errors="0">
  <testcase name="validLoginTest" time="24.676" classname="com.training.sanity.tests.ThirdTestcase"/>
</testsuite> <!-- com.training.sanity.tests.ThirdTestcase -->
