<?xml version="1.0" encoding="UTF-8"?>
<!-- Generated by org.testng.reporters.JUnitReportReporter -->
<testsuite skipped="0" hostname="hsanjeev" name="com.training.sanity.tests.RETC_034" tests="1" failures="0" timestamp="25 Jun 2019 11:05:54 GMT" time="35.464" errors="0">
  <testcase name="validLoginTest" time="35.464" classname="com.training.sanity.tests.RETC_034"/>
</testsuite> <!-- com.training.sanity.tests.RETC_034 -->
