<?xml version="1.0" encoding="UTF-8"?>
<!-- Generated by org.testng.reporters.JUnitReportReporter -->
<testsuite skipped="0" hostname="hsanjeev" name="com.training.sanity.tests.FirstTestCase" tests="1" failures="0" timestamp="18 Jun 2019 09:29:47 GMT" time="22.021" errors="0">
  <testcase name="validLoginTest" time="22.021" classname="com.training.sanity.tests.FirstTestCase"/>
</testsuite> <!-- com.training.sanity.tests.FirstTestCase -->
