<?xml version="1.0" encoding="UTF-8"?>
<!-- Generated by org.testng.reporters.JUnitReportReporter -->
<testsuite skipped="0" hostname="hsanjeev" name="com.training.sanity.tests.SecondTestcase" tests="1" failures="0" timestamp="18 Jun 2019 09:56:22 GMT" time="27.611" errors="0">
  <testcase name="validLoginTest" time="27.611" classname="com.training.sanity.tests.SecondTestcase"/>
</testsuite> <!-- com.training.sanity.tests.SecondTestcase -->
