<?xml version="1.0" encoding="UTF-8"?>
<!-- Generated by org.testng.reporters.JUnitReportReporter -->
<testsuite skipped="0" hostname="hsanjeev" name="com.training.sanity.tests.RETC_033" tests="1" failures="0" timestamp="24 Jun 2019 17:12:23 GMT" time="208.800" errors="0">
  <testcase name="validLoginTest" time="208.800" classname="com.training.sanity.tests.RETC_033"/>
</testsuite> <!-- com.training.sanity.tests.RETC_033 -->
